mode: set
github.com/fmarquesfilho/garimpo/internal/httpapi/admin.go:13.70,15.32 2 0
github.com/fmarquesfilho/garimpo/internal/httpapi/admin.go:15.32,18.3 2 0
github.com/fmarquesfilho/garimpo/internal/httpapi/admin.go:20.2,20.26 1 0
github.com/fmarquesfilho/garimpo/internal/httpapi/admin.go:20.26,23.3 2 0
github.com/fmarquesfilho/garimpo/internal/httpapi/admin.go:25.2,26.42 2 0
github.com/fmarquesfilho/garimpo/internal/httpapi/admin.go:26.42,27.53 1 0
github.com/fmarquesfilho/garimpo/internal/httpapi/admin.go:27.53,29.4 1 0
github.com/fmarquesfilho/garimpo/internal/httpapi/admin.go:32.2,36.17 3 0
github.com/fmarquesfilho/garimpo/internal/httpapi/admin.go:36.17,38.29 2 0
github.com/fmarquesfilho/garimpo/internal/httpapi/admin.go:38.29,39.24 1 0
github.com/fmarquesfilho/garimpo/internal/httpapi/admin.go:39.24,41.5 1 0
github.com/fmarquesfilho/garimpo/internal/httpapi/admin.go:43.3,48.9 2 0
github.com/fmarquesfilho/garimpo/internal/httpapi/admin.go:51.2,55.4 1 0
github.com/fmarquesfilho/garimpo/internal/httpapi/admin.go:60.74,62.32 2 0
github.com/fmarquesfilho/garimpo/internal/httpapi/admin.go:62.32,65.3 2 0
github.com/fmarquesfilho/garimpo/internal/httpapi/admin.go:67.2,70.61 2 0
github.com/fmarquesfilho/garimpo/internal/httpapi/admin.go:70.61,73.3 2 0
github.com/fmarquesfilho/garimpo/internal/httpapi/admin.go:76.2,79.71 4 0
github.com/fmarquesfilho/garimpo/internal/httpapi/admin.go:79.71,81.3 1 0
github.com/fmarquesfilho/garimpo/internal/httpapi/admin.go:81.8,83.3 1 0
github.com/fmarquesfilho/garimpo/internal/httpapi/admin.go:84.2,89.81 5 0
github.com/fmarquesfilho/garimpo/internal/httpapi/admin.go:92.41,93.11 1 0
github.com/fmarquesfilho/garimpo/internal/httpapi/admin.go:94.15,95.25 1 0
github.com/fmarquesfilho/garimpo/internal/httpapi/admin.go:96.14,97.24 1 0
github.com/fmarquesfilho/garimpo/internal/httpapi/admin.go:98.15,99.25 1 0
github.com/fmarquesfilho/garimpo/internal/httpapi/admin.go:100.10,101.24 1 0
github.com/fmarquesfilho/garimpo/internal/httpapi/admin.go:107.68,109.17 2 0
github.com/fmarquesfilho/garimpo/internal/httpapi/admin.go:109.17,112.3 2 0
github.com/fmarquesfilho/garimpo/internal/httpapi/admin.go:113.2,117.4 1 0
github.com/fmarquesfilho/garimpo/internal/httpapi/alertas.go:14.74,16.17 2 1
github.com/fmarquesfilho/garimpo/internal/httpapi/alertas.go:16.17,19.3 2 1
github.com/fmarquesfilho/garimpo/internal/httpapi/alertas.go:21.2,25.18 4 1
github.com/fmarquesfilho/garimpo/internal/httpapi/alertas.go:25.18,26.22 1 0
github.com/fmarquesfilho/garimpo/internal/httpapi/alertas.go:26.22,28.4 1 0
github.com/fmarquesfilho/garimpo/internal/httpapi/alertas.go:28.9,30.4 1 0
github.com/fmarquesfilho/garimpo/internal/httpapi/alertas.go:33.2,39.4 1 1
github.com/fmarquesfilho/garimpo/internal/httpapi/alertas.go:43.74,45.17 2 1
github.com/fmarquesfilho/garimpo/internal/httpapi/alertas.go:45.17,48.3 2 0
github.com/fmarquesfilho/garimpo/internal/httpapi/alertas.go:50.2,52.18 3 1
github.com/fmarquesfilho/garimpo/internal/httpapi/alertas.go:52.18,55.3 2 1
github.com/fmarquesfilho/garimpo/internal/httpapi/alertas.go:58.2,61.19 2 0
github.com/fmarquesfilho/garimpo/internal/httpapi/alertas.go:61.19,63.3 1 0
github.com/fmarquesfilho/garimpo/internal/httpapi/alertas.go:65.2,67.23 2 0
github.com/fmarquesfilho/garimpo/internal/httpapi/alertas.go:67.23,75.3 3 0
github.com/fmarquesfilho/garimpo/internal/httpapi/alertas.go:75.8,78.17 2 0
github.com/fmarquesfilho/garimpo/internal/httpapi/alertas.go:78.17,82.4 3 0
github.com/fmarquesfilho/garimpo/internal/httpapi/alertas.go:83.3,83.88 1 0
github.com/fmarquesfilho/garimpo/internal/httpapi/alertas.go:89.77,91.17 2 1
github.com/fmarquesfilho/garimpo/internal/httpapi/alertas.go:91.17,94.3 2 1
github.com/fmarquesfilho/garimpo/internal/httpapi/alertas.go:96.2,101.61 2 1
github.com/fmarquesfilho/garimpo/internal/httpapi/alertas.go:101.61,104.3 2 0
github.com/fmarquesfilho/garimpo/internal/httpapi/alertas.go:106.2,106.22 1 1
github.com/fmarquesfilho/garimpo/internal/httpapi/alertas.go:106.22,109.3 2 0
github.com/fmarquesfilho/garimpo/internal/httpapi/alertas.go:110.2,110.44 1 1
github.com/fmarquesfilho/garimpo/internal/httpapi/alertas.go:110.44,113.3 2 1
github.com/fmarquesfilho/garimpo/internal/httpapi/alertas.go:114.2,114.29 1 1
github.com/fmarquesfilho/garimpo/internal/httpapi/alertas.go:114.29,116.24 2 1
github.com/fmarquesfilho/garimpo/internal/httpapi/alertas.go:116.24,118.4 1 0
github.com/fmarquesfilho/garimpo/internal/httpapi/alertas.go:119.3,119.42 1 1
github.com/fmarquesfilho/garimpo/internal/httpapi/alertas.go:122.2,128.4 2 1
github.com/fmarquesfilho/garimpo/internal/httpapi/canais.go:13.75,15.17 2 1
github.com/fmarquesfilho/garimpo/internal/httpapi/canais.go:15.17,18.3 2 1
github.com/fmarquesfilho/garimpo/internal/httpapi/canais.go:19.2,19.25 1 1
github.com/fmarquesfilho/garimpo/internal/httpapi/canais.go:19.25,22.3 2 0
github.com/fmarquesfilho/garimpo/internal/httpapi/canais.go:23.2,24.16 2 1
github.com/fmarquesfilho/garimpo/internal/httpapi/canais.go:24.16,28.3 3 0
github.com/fmarquesfilho/garimpo/internal/httpapi/canais.go:29.2,29.64 1 1
github.com/fmarquesfilho/garimpo/internal/httpapi/canais.go:33.74,35.17 2 1
github.com/fmarquesfilho/garimpo/internal/httpapi/canais.go:35.17,38.3 2 0
github.com/fmarquesfilho/garimpo/internal/httpapi/canais.go:39.2,39.25 1 1
github.com/fmarquesfilho/garimpo/internal/httpapi/canais.go:39.25,42.3 2 0
github.com/fmarquesfilho/garimpo/internal/httpapi/canais.go:44.2,45.59 2 1
github.com/fmarquesfilho/garimpo/internal/httpapi/canais.go:45.59,48.3 2 0
github.com/fmarquesfilho/garimpo/internal/httpapi/canais.go:49.2,49.20 1 1
github.com/fmarquesfilho/garimpo/internal/httpapi/canais.go:49.20,52.3 2 0
github.com/fmarquesfilho/garimpo/internal/httpapi/canais.go:53.2,53.18 1 1
github.com/fmarquesfilho/garimpo/internal/httpapi/canais.go:53.18,56.3 2 0
github.com/fmarquesfilho/garimpo/internal/httpapi/canais.go:57.2,57.18 1 1
github.com/fmarquesfilho/garimpo/internal/httpapi/canais.go:57.18,59.3 1 0
github.com/fmarquesfilho/garimpo/internal/httpapi/canais.go:60.2,60.16 1 1
github.com/fmarquesfilho/garimpo/internal/httpapi/canais.go:60.16,62.3 1 1
github.com/fmarquesfilho/garimpo/internal/httpapi/canais.go:63.2,65.60 2 1
github.com/fmarquesfilho/garimpo/internal/httpapi/canais.go:65.60,69.3 3 0
github.com/fmarquesfilho/garimpo/internal/httpapi/canais.go:70.2,71.80 2 1
github.com/fmarquesfilho/garimpo/internal/httpapi/canais.go:75.75,77.17 2 1
github.com/fmarquesfilho/garimpo/internal/httpapi/canais.go:77.17,80.3 2 0
github.com/fmarquesfilho/garimpo/internal/httpapi/canais.go:81.2,81.25 1 1
github.com/fmarquesfilho/garimpo/internal/httpapi/canais.go:81.25,84.3 2 0
github.com/fmarquesfilho/garimpo/internal/httpapi/canais.go:86.2,87.14 2 1
github.com/fmarquesfilho/garimpo/internal/httpapi/canais.go:87.14,90.3 2 0
github.com/fmarquesfilho/garimpo/internal/httpapi/canais.go:91.2,91.62 1 1
github.com/fmarquesfilho/garimpo/internal/httpapi/canais.go:91.62,95.3 3 0
github.com/fmarquesfilho/garimpo/internal/httpapi/canais.go:96.2,97.77 2 1
github.com/fmarquesfilho/garimpo/internal/httpapi/canais.go:101.41,104.22 3 1
github.com/fmarquesfilho/garimpo/internal/httpapi/canais.go:104.22,105.10 1 1
github.com/fmarquesfilho/garimpo/internal/httpapi/canais.go:106.61,107.24 1 1
github.com/fmarquesfilho/garimpo/internal/httpapi/canais.go:108.29,109.26 1 1
github.com/fmarquesfilho/garimpo/internal/httpapi/canais.go:112.2,113.18 2 1
github.com/fmarquesfilho/garimpo/internal/httpapi/canais.go:113.18,115.3 1 0
github.com/fmarquesfilho/garimpo/internal/httpapi/canais.go:116.2,116.15 1 1
github.com/fmarquesfilho/garimpo/internal/httpapi/coleta.go:18.68,19.30 1 1
github.com/fmarquesfilho/garimpo/internal/httpapi/coleta.go:19.30,22.3 2 1
github.com/fmarquesfilho/garimpo/internal/httpapi/coleta.go:24.2,26.39 3 1
github.com/fmarquesfilho/garimpo/internal/httpapi/coleta.go:26.39,28.3 1 0
github.com/fmarquesfilho/garimpo/internal/httpapi/coleta.go:31.2,33.57 3 1
github.com/fmarquesfilho/garimpo/internal/httpapi/coleta.go:33.57,35.28 2 1
github.com/fmarquesfilho/garimpo/internal/httpapi/coleta.go:35.28,36.34 1 1
github.com/fmarquesfilho/garimpo/internal/httpapi/coleta.go:36.34,38.10 2 1
github.com/fmarquesfilho/garimpo/internal/httpapi/coleta.go:43.2,46.18 2 1
github.com/fmarquesfilho/garimpo/internal/httpapi/coleta.go:46.18,47.56 1 1
github.com/fmarquesfilho/garimpo/internal/httpapi/coleta.go:47.56,49.61 1 0
github.com/fmarquesfilho/garimpo/internal/httpapi/coleta.go:49.61,51.72 2 0
github.com/fmarquesfilho/garimpo/internal/httpapi/coleta.go:51.72,53.6 1 0
github.com/fmarquesfilho/garimpo/internal/httpapi/coleta.go:56.4,57.40 2 0
github.com/fmarquesfilho/garimpo/internal/httpapi/coleta.go:60.3,60.25 1 1
github.com/fmarquesfilho/garimpo/internal/httpapi/coleta.go:63.2,64.16 2 1
github.com/fmarquesfilho/garimpo/internal/httpapi/coleta.go:64.16,67.3 2 0
github.com/fmarquesfilho/garimpo/internal/httpapi/coleta.go:70.2,70.18 1 1
github.com/fmarquesfilho/garimpo/internal/httpapi/coleta.go:70.18,71.87 1 1
github.com/fmarquesfilho/garimpo/internal/httpapi/coleta.go:71.87,72.35 1 0
github.com/fmarquesfilho/garimpo/internal/httpapi/coleta.go:72.35,74.5 1 0
github.com/fmarquesfilho/garimpo/internal/httpapi/coleta.go:75.4,75.31 1 0
github.com/fmarquesfilho/garimpo/internal/httpapi/coleta.go:75.31,77.5 1 0
github.com/fmarquesfilho/garimpo/internal/httpapi/coleta.go:78.4,78.51 1 0
github.com/fmarquesfilho/garimpo/internal/httpapi/coleta.go:78.51,80.22 2 0
github.com/fmarquesfilho/garimpo/internal/httpapi/coleta.go:80.22,83.6 1 0
github.com/fmarquesfilho/garimpo/internal/httpapi/coleta.go:86.4,86.14 1 0
github.com/fmarquesfilho/garimpo/internal/httpapi/coleta.go:86.14,87.81 1 0
github.com/fmarquesfilho/garimpo/internal/httpapi/coleta.go:87.81,90.6 1 0
github.com/fmarquesfilho/garimpo/internal/httpapi/coleta.go:95.2,97.21 3 1
github.com/fmarquesfilho/garimpo/internal/httpapi/coleta.go:97.21,99.3 1 1
github.com/fmarquesfilho/garimpo/internal/httpapi/coleta.go:101.2,102.21 2 1
github.com/fmarquesfilho/garimpo/internal/httpapi/coleta.go:102.21,104.3 1 1
github.com/fmarquesfilho/garimpo/internal/httpapi/coleta.go:105.2,106.19 2 1
github.com/fmarquesfilho/garimpo/internal/httpapi/coleta.go:106.19,108.3 1 1
github.com/fmarquesfilho/garimpo/internal/httpapi/coleta.go:110.2,116.31 2 1
github.com/fmarquesfilho/garimpo/internal/httpapi/coleta.go:116.31,123.3 2 1
github.com/fmarquesfilho/garimpo/internal/httpapi/coleta.go:125.2,125.73 1 1
github.com/fmarquesfilho/garimpo/internal/httpapi/coleta.go:125.73,130.3 3 0
github.com/fmarquesfilho/garimpo/internal/httpapi/coleta.go:132.2,141.57 2 1
github.com/fmarquesfilho/garimpo/internal/httpapi/coleta.go:141.57,142.13 1 1
github.com/fmarquesfilho/garimpo/internal/httpapi/coleta.go:142.13,145.24 3 1
github.com/fmarquesfilho/garimpo/internal/httpapi/coleta.go:145.24,149.5 3 0
github.com/fmarquesfilho/garimpo/internal/httpapi/coleta.go:153.2,158.3 1 1
github.com/fmarquesfilho/garimpo/internal/httpapi/coleta.go:161.73,163.17 2 1
github.com/fmarquesfilho/garimpo/internal/httpapi/coleta.go:163.17,166.3 2 1
github.com/fmarquesfilho/garimpo/internal/httpapi/coleta.go:167.2,168.16 2 1
github.com/fmarquesfilho/garimpo/internal/httpapi/coleta.go:168.16,172.3 3 0
github.com/fmarquesfilho/garimpo/internal/httpapi/coleta.go:173.2,174.26 2 1
github.com/fmarquesfilho/garimpo/internal/httpapi/coleta.go:174.26,175.49 1 1
github.com/fmarquesfilho/garimpo/internal/httpapi/coleta.go:175.49,177.4 1 1
github.com/fmarquesfilho/garimpo/internal/httpapi/coleta.go:179.2,179.94 1 1
github.com/fmarquesfilho/garimpo/internal/httpapi/coleta.go:182.72,184.17 2 1
github.com/fmarquesfilho/garimpo/internal/httpapi/coleta.go:184.17,187.3 2 1
github.com/fmarquesfilho/garimpo/internal/httpapi/coleta.go:188.2,189.59 2 1
github.com/fmarquesfilho/garimpo/internal/httpapi/coleta.go:189.59,192.3 2 0
github.com/fmarquesfilho/garimpo/internal/httpapi/coleta.go:193.2,194.16 2 1
github.com/fmarquesfilho/garimpo/internal/httpapi/coleta.go:194.16,197.3 2 1
github.com/fmarquesfilho/garimpo/internal/httpapi/coleta.go:198.2,201.64 3 1
github.com/fmarquesfilho/garimpo/internal/httpapi/coleta.go:201.64,205.3 3 0
github.com/fmarquesfilho/garimpo/internal/httpapi/coleta.go:207.2,207.12 1 1
github.com/fmarquesfilho/garimpo/internal/httpapi/coleta.go:207.12,213.14 3 1
github.com/fmarquesfilho/garimpo/internal/httpapi/coleta.go:213.14,215.4 1 1
github.com/fmarquesfilho/garimpo/internal/httpapi/coleta.go:215.9,217.4 1 1
github.com/fmarquesfilho/garimpo/internal/httpapi/coleta.go:218.3,218.17 1 1
github.com/fmarquesfilho/garimpo/internal/httpapi/coleta.go:218.17,220.4 1 0
github.com/fmarquesfilho/garimpo/internal/httpapi/coleta.go:220.9,222.4 1 1
github.com/fmarquesfilho/garimpo/internal/httpapi/coleta.go:225.2,226.97 2 1
github.com/fmarquesfilho/garimpo/internal/httpapi/coleta.go:229.73,231.45 2 1
github.com/fmarquesfilho/garimpo/internal/httpapi/coleta.go:231.45,232.53 1 1
github.com/fmarquesfilho/garimpo/internal/httpapi/coleta.go:232.53,234.4 1 1
github.com/fmarquesfilho/garimpo/internal/httpapi/coleta.go:236.2,237.16 2 1
github.com/fmarquesfilho/garimpo/internal/httpapi/coleta.go:237.16,241.3 3 0
github.com/fmarquesfilho/garimpo/internal/httpapi/coleta.go:242.2,242.34 1 1
github.com/fmarquesfilho/garimpo/internal/httpapi/coleta.go:245.68,247.45 2 1
github.com/fmarquesfilho/garimpo/internal/httpapi/coleta.go:247.45,248.53 1 1
github.com/fmarquesfilho/garimpo/internal/httpapi/coleta.go:248.53,250.4 1 1
github.com/fmarquesfilho/garimpo/internal/httpapi/coleta.go:252.2,253.16 2 1
github.com/fmarquesfilho/garimpo/internal/httpapi/coleta.go:253.16,257.3 3 0
github.com/fmarquesfilho/garimpo/internal/httpapi/coleta.go:258.2,258.81 1 1
github.com/fmarquesfilho/garimpo/internal/httpapi/conversoes.go:18.71,20.17 2 1
github.com/fmarquesfilho/garimpo/internal/httpapi/conversoes.go:20.17,23.3 2 1
github.com/fmarquesfilho/garimpo/internal/httpapi/conversoes.go:25.2,26.45 2 1
github.com/fmarquesfilho/garimpo/internal/httpapi/conversoes.go:26.45,27.53 1 0
github.com/fmarquesfilho/garimpo/internal/httpapi/conversoes.go:27.53,29.4 1 0
github.com/fmarquesfilho/garimpo/internal/httpapi/conversoes.go:32.2,33.16 2 1
github.com/fmarquesfilho/garimpo/internal/httpapi/conversoes.go:33.16,37.3 3 0
github.com/fmarquesfilho/garimpo/internal/httpapi/conversoes.go:39.2,42.4 1 1
github.com/fmarquesfilho/garimpo/internal/httpapi/curadoria.go:29.42,38.2 2 1
github.com/fmarquesfilho/garimpo/internal/httpapi/curadoria.go:40.150,43.32 3 1
github.com/fmarquesfilho/garimpo/internal/httpapi/curadoria.go:43.32,45.3 1 0
github.com/fmarquesfilho/garimpo/internal/httpapi/curadoria.go:45.8,46.22 1 1
github.com/fmarquesfilho/garimpo/internal/httpapi/curadoria.go:46.22,48.4 1 1
github.com/fmarquesfilho/garimpo/internal/httpapi/curadoria.go:49.3,49.26 1 1
github.com/fmarquesfilho/garimpo/internal/httpapi/curadoria.go:51.2,52.31 2 1
github.com/fmarquesfilho/garimpo/internal/httpapi/curadoria.go:52.31,54.3 1 1
github.com/fmarquesfilho/garimpo/internal/httpapi/curadoria.go:55.2,55.12 1 1
github.com/fmarquesfilho/garimpo/internal/httpapi/curadoria.go:58.71,61.39 3 1
github.com/fmarquesfilho/garimpo/internal/httpapi/curadoria.go:61.39,63.3 1 1
github.com/fmarquesfilho/garimpo/internal/httpapi/curadoria.go:65.2,67.16 3 1
github.com/fmarquesfilho/garimpo/internal/httpapi/curadoria.go:67.16,70.3 2 0
github.com/fmarquesfilho/garimpo/internal/httpapi/curadoria.go:72.2,73.35 2 1
github.com/fmarquesfilho/garimpo/internal/httpapi/curadoria.go:73.35,75.3 1 1
github.com/fmarquesfilho/garimpo/internal/httpapi/curadoria.go:75.8,77.3 1 1
github.com/fmarquesfilho/garimpo/internal/httpapi/curadoria.go:79.2,86.4 2 1
github.com/fmarquesfilho/garimpo/internal/httpapi/curadoria.go:89.69,93.16 4 1
github.com/fmarquesfilho/garimpo/internal/httpapi/curadoria.go:93.16,96.3 2 0
github.com/fmarquesfilho/garimpo/internal/httpapi/curadoria.go:97.2,103.4 3 1
github.com/fmarquesfilho/garimpo/internal/httpapi/docs.go:9.68,12.2 2 0
github.com/fmarquesfilho/garimpo/internal/httpapi/docs.go:15.72,18.26 2 0
github.com/fmarquesfilho/garimpo/internal/httpapi/docs.go:18.26,20.17 2 0
github.com/fmarquesfilho/garimpo/internal/httpapi/docs.go:20.17,25.4 4 0
github.com/fmarquesfilho/garimpo/internal/httpapi/docs.go:27.2,27.66 1 0
github.com/fmarquesfilho/garimpo/internal/httpapi/fonte.go:16.52,17.34 1 1
github.com/fmarquesfilho/garimpo/internal/httpapi/fonte.go:17.34,19.3 1 1
github.com/fmarquesfilho/garimpo/internal/httpapi/fonte.go:20.2,20.21 1 1
github.com/fmarquesfilho/garimpo/internal/httpapi/fonte.go:20.21,22.3 1 0
github.com/fmarquesfilho/garimpo/internal/httpapi/fonte.go:23.2,23.14 1 1
github.com/fmarquesfilho/garimpo/internal/httpapi/fonte.go:26.59,28.39 2 1
github.com/fmarquesfilho/garimpo/internal/httpapi/fonte.go:28.39,29.54 1 0
github.com/fmarquesfilho/garimpo/internal/httpapi/fonte.go:29.54,31.4 1 0
github.com/fmarquesfilho/garimpo/internal/httpapi/fonte.go:33.2,33.11 1 1
github.com/fmarquesfilho/garimpo/internal/httpapi/fonte.go:33.11,35.3 1 0
github.com/fmarquesfilho/garimpo/internal/httpapi/fonte.go:36.2,36.13 1 1
github.com/fmarquesfilho/garimpo/internal/httpapi/fonte.go:36.13,38.3 1 0
github.com/fmarquesfilho/garimpo/internal/httpapi/fonte.go:39.2,39.10 1 1
github.com/fmarquesfilho/garimpo/internal/httpapi/fonte.go:42.71,43.29 1 1
github.com/fmarquesfilho/garimpo/internal/httpapi/fonte.go:43.29,45.3 1 1
github.com/fmarquesfilho/garimpo/internal/httpapi/fonte.go:46.2,46.27 1 0
github.com/fmarquesfilho/garimpo/internal/httpapi/fonte.go:49.77,50.27 1 0
github.com/fmarquesfilho/garimpo/internal/httpapi/fonte.go:51.16,53.33 2 0
github.com/fmarquesfilho/garimpo/internal/httpapi/fonte.go:53.33,54.45 1 0
github.com/fmarquesfilho/garimpo/internal/httpapi/fonte.go:54.45,56.5 1 0
github.com/fmarquesfilho/garimpo/internal/httpapi/fonte.go:58.3,59.39 2 0
github.com/fmarquesfilho/garimpo/internal/httpapi/fonte.go:59.39,61.4 1 0
github.com/fmarquesfilho/garimpo/internal/httpapi/fonte.go:62.3,63.37 2 0
github.com/fmarquesfilho/garimpo/internal/httpapi/fonte.go:63.37,65.4 1 0
github.com/fmarquesfilho/garimpo/internal/httpapi/fonte.go:66.3,72.19 7 0
github.com/fmarquesfilho/garimpo/internal/httpapi/fonte.go:74.21,76.59 2 0
github.com/fmarquesfilho/garimpo/internal/httpapi/fonte.go:76.59,78.57 2 0
github.com/fmarquesfilho/garimpo/internal/httpapi/fonte.go:78.57,80.5 1 0
github.com/fmarquesfilho/garimpo/internal/httpapi/fonte.go:82.3,84.22 3 0
github.com/fmarquesfilho/garimpo/internal/httpapi/fonte.go:84.22,86.4 1 0
github.com/fmarquesfilho/garimpo/internal/httpapi/fonte.go:87.3,91.19 5 0
github.com/fmarquesfilho/garimpo/internal/httpapi/fonte.go:93.10,95.16 2 0
github.com/fmarquesfilho/garimpo/internal/httpapi/fonte.go:95.16,97.4 1 0
github.com/fmarquesfilho/garimpo/internal/httpapi/fonte.go:98.3,98.48 1 0
github.com/fmarquesfilho/garimpo/internal/httpapi/fonte.go:102.100,105.70 3 1
github.com/fmarquesfilho/garimpo/internal/httpapi/fonte.go:105.70,107.3 1 1
github.com/fmarquesfilho/garimpo/internal/httpapi/fonte.go:108.2,110.22 3 1
github.com/fmarquesfilho/garimpo/internal/httpapi/fonte.go:113.48,114.29 1 1
github.com/fmarquesfilho/garimpo/internal/httpapi/fonte.go:114.29,116.3 1 1
github.com/fmarquesfilho/garimpo/internal/httpapi/fonte.go:117.2,117.28 1 1
github.com/fmarquesfilho/garimpo/internal/httpapi/fonte.go:120.71,126.41 2 1
github.com/fmarquesfilho/garimpo/internal/httpapi/fonte.go:126.41,127.54 1 0
github.com/fmarquesfilho/garimpo/internal/httpapi/fonte.go:127.54,129.4 1 0
github.com/fmarquesfilho/garimpo/internal/httpapi/fonte.go:131.2,131.39 1 1
github.com/fmarquesfilho/garimpo/internal/httpapi/fonte.go:131.39,132.44 1 1
github.com/fmarquesfilho/garimpo/internal/httpapi/fonte.go:132.44,134.4 1 1
github.com/fmarquesfilho/garimpo/internal/httpapi/fonte.go:136.2,136.37 1 1
github.com/fmarquesfilho/garimpo/internal/httpapi/fonte.go:136.37,137.54 1 0
github.com/fmarquesfilho/garimpo/internal/httpapi/fonte.go:137.54,139.4 1 0
github.com/fmarquesfilho/garimpo/internal/httpapi/fonte.go:141.2,141.10 1 1
github.com/fmarquesfilho/garimpo/internal/httpapi/fonte.go:144.29,145.32 1 1
github.com/fmarquesfilho/garimpo/internal/httpapi/fonte.go:145.32,146.53 1 1
github.com/fmarquesfilho/garimpo/internal/httpapi/fonte.go:146.53,148.4 1 1
github.com/fmarquesfilho/garimpo/internal/httpapi/fonte.go:150.2,150.11 1 1
github.com/fmarquesfilho/garimpo/internal/httpapi/httpapi.go:56.43,57.23 1 1
github.com/fmarquesfilho/garimpo/internal/httpapi/httpapi.go:57.23,59.3 1 1
github.com/fmarquesfilho/garimpo/internal/httpapi/httpapi.go:60.2,60.24 1 1
github.com/fmarquesfilho/garimpo/internal/httpapi/httpapi.go:60.24,62.3 1 0
github.com/fmarquesfilho/garimpo/internal/httpapi/httpapi.go:63.2,63.27 1 1
github.com/fmarquesfilho/garimpo/internal/httpapi/httpapi.go:63.27,65.3 1 1
github.com/fmarquesfilho/garimpo/internal/httpapi/httpapi.go:66.2,66.26 1 1
github.com/fmarquesfilho/garimpo/internal/httpapi/httpapi.go:66.26,68.3 1 1
github.com/fmarquesfilho/garimpo/internal/httpapi/httpapi.go:69.2,69.21 1 1
github.com/fmarquesfilho/garimpo/internal/httpapi/httpapi.go:69.21,71.3 1 0
github.com/fmarquesfilho/garimpo/internal/httpapi/httpapi.go:72.2,72.26 1 1
github.com/fmarquesfilho/garimpo/internal/httpapi/httpapi.go:72.26,74.3 1 1
github.com/fmarquesfilho/garimpo/internal/httpapi/httpapi.go:75.2,75.23 1 1
github.com/fmarquesfilho/garimpo/internal/httpapi/httpapi.go:75.23,77.3 1 1
github.com/fmarquesfilho/garimpo/internal/httpapi/httpapi.go:78.2,124.35 40 1
github.com/fmarquesfilho/garimpo/internal/httpapi/httpapi.go:130.46,133.15 2 1
github.com/fmarquesfilho/garimpo/internal/httpapi/httpapi.go:133.15,135.3 1 1
github.com/fmarquesfilho/garimpo/internal/httpapi/httpapi.go:137.2,137.71 1 1
github.com/fmarquesfilho/garimpo/internal/httpapi/httpapi.go:137.71,140.55 1 1
github.com/fmarquesfilho/garimpo/internal/httpapi/httpapi.go:140.55,143.4 2 1
github.com/fmarquesfilho/garimpo/internal/httpapi/httpapi.go:146.3,147.18 2 0
github.com/fmarquesfilho/garimpo/internal/httpapi/httpapi.go:147.18,149.4 1 0
github.com/fmarquesfilho/garimpo/internal/httpapi/httpapi.go:152.3,153.46 2 0
github.com/fmarquesfilho/garimpo/internal/httpapi/httpapi.go:153.46,155.57 1 0
github.com/fmarquesfilho/garimpo/internal/httpapi/httpapi.go:155.57,158.5 1 0
github.com/fmarquesfilho/garimpo/internal/httpapi/httpapi.go:158.10,158.51 1 0
github.com/fmarquesfilho/garimpo/internal/httpapi/httpapi.go:158.51,161.5 1 0
github.com/fmarquesfilho/garimpo/internal/httpapi/httpapi.go:161.10,164.5 1 0
github.com/fmarquesfilho/garimpo/internal/httpapi/httpapi.go:165.4,166.10 2 0
github.com/fmarquesfilho/garimpo/internal/httpapi/httpapi.go:170.3,171.46 2 0
github.com/fmarquesfilho/garimpo/internal/httpapi/httpapi.go:171.46,174.4 2 0
github.com/fmarquesfilho/garimpo/internal/httpapi/httpapi.go:175.3,176.33 2 0
github.com/fmarquesfilho/garimpo/internal/httpapi/httpapi.go:187.44,190.2 2 1
github.com/fmarquesfilho/garimpo/internal/httpapi/httpapi.go:192.64,193.71 1 1
github.com/fmarquesfilho/garimpo/internal/httpapi/httpapi.go:193.71,207.10 7 1
github.com/fmarquesfilho/garimpo/internal/httpapi/httpapi.go:208.25,210.19 2 0
github.com/fmarquesfilho/garimpo/internal/httpapi/httpapi.go:211.36,213.19 2 1
github.com/fmarquesfilho/garimpo/internal/httpapi/httpapi.go:214.11,215.45 1 1
github.com/fmarquesfilho/garimpo/internal/httpapi/httpapi.go:218.3,218.27 1 1
github.com/fmarquesfilho/garimpo/internal/httpapi/httpapi.go:218.27,224.4 1 0
github.com/fmarquesfilho/garimpo/internal/httpapi/httpapi.go:228.43,229.71 1 1
github.com/fmarquesfilho/garimpo/internal/httpapi/httpapi.go:229.71,233.37 4 1
github.com/fmarquesfilho/garimpo/internal/httpapi/httpapi.go:233.37,236.4 2 0
github.com/fmarquesfilho/garimpo/internal/httpapi/httpapi.go:237.3,237.23 1 1
github.com/fmarquesfilho/garimpo/internal/httpapi/httpapi.go:243.65,245.17 2 1
github.com/fmarquesfilho/garimpo/internal/httpapi/httpapi.go:245.17,247.3 1 1
github.com/fmarquesfilho/garimpo/internal/httpapi/httpapi.go:248.2,248.44 1 1
github.com/fmarquesfilho/garimpo/internal/httpapi/httpapi.go:251.59,253.15 2 1
github.com/fmarquesfilho/garimpo/internal/httpapi/httpapi.go:253.15,255.3 1 0
github.com/fmarquesfilho/garimpo/internal/httpapi/httpapi.go:256.2,256.47 1 1
github.com/fmarquesfilho/garimpo/internal/httpapi/httpapi.go:259.61,263.2 3 1
github.com/fmarquesfilho/garimpo/internal/httpapi/httpapi.go:265.62,267.2 1 1
github.com/fmarquesfilho/garimpo/internal/httpapi/httpapi.go:271.67,280.2 1 1
github.com/fmarquesfilho/garimpo/internal/httpapi/httpapi.go:282.68,284.59 2 1
github.com/fmarquesfilho/garimpo/internal/httpapi/httpapi.go:284.59,287.3 2 0
github.com/fmarquesfilho/garimpo/internal/httpapi/httpapi.go:288.2,288.18 1 1
github.com/fmarquesfilho/garimpo/internal/httpapi/httpapi.go:288.18,290.3 1 0
github.com/fmarquesfilho/garimpo/internal/httpapi/httpapi.go:291.2,291.62 1 1
github.com/fmarquesfilho/garimpo/internal/httpapi/httpapi.go:291.62,294.3 2 0
github.com/fmarquesfilho/garimpo/internal/httpapi/httpapi.go:295.2,295.78 1 1
github.com/fmarquesfilho/garimpo/internal/httpapi/httpapi.go:298.69,312.59 2 1
github.com/fmarquesfilho/garimpo/internal/httpapi/httpapi.go:312.59,315.3 2 0
github.com/fmarquesfilho/garimpo/internal/httpapi/httpapi.go:317.2,325.16 3 1
github.com/fmarquesfilho/garimpo/internal/httpapi/httpapi.go:325.16,328.3 2 0
github.com/fmarquesfilho/garimpo/internal/httpapi/httpapi.go:330.2,344.34 4 1
github.com/fmarquesfilho/garimpo/internal/httpapi/lojas.go:19.70,21.17 2 1
github.com/fmarquesfilho/garimpo/internal/httpapi/lojas.go:21.17,24.3 2 1
github.com/fmarquesfilho/garimpo/internal/httpapi/lojas.go:26.2,28.45 3 1
github.com/fmarquesfilho/garimpo/internal/httpapi/lojas.go:28.45,29.53 1 1
github.com/fmarquesfilho/garimpo/internal/httpapi/lojas.go:29.53,31.4 1 1
github.com/fmarquesfilho/garimpo/internal/httpapi/lojas.go:34.2,35.16 2 1
github.com/fmarquesfilho/garimpo/internal/httpapi/lojas.go:35.16,39.3 3 0
github.com/fmarquesfilho/garimpo/internal/httpapi/lojas.go:41.2,41.40 1 1
github.com/fmarquesfilho/garimpo/internal/httpapi/lojas.go:45.74,47.17 2 1
github.com/fmarquesfilho/garimpo/internal/httpapi/lojas.go:47.17,50.3 2 1
github.com/fmarquesfilho/garimpo/internal/httpapi/lojas.go:52.2,53.45 2 1
github.com/fmarquesfilho/garimpo/internal/httpapi/lojas.go:53.45,54.53 1 1
github.com/fmarquesfilho/garimpo/internal/httpapi/lojas.go:54.53,56.4 1 1
github.com/fmarquesfilho/garimpo/internal/httpapi/lojas.go:59.2,60.16 2 1
github.com/fmarquesfilho/garimpo/internal/httpapi/lojas.go:60.16,64.3 3 0
github.com/fmarquesfilho/garimpo/internal/httpapi/lojas.go:66.2,66.39 1 1
github.com/fmarquesfilho/garimpo/internal/httpapi/lojas.go:99.74,101.17 2 1
github.com/fmarquesfilho/garimpo/internal/httpapi/lojas.go:101.17,104.3 2 1
github.com/fmarquesfilho/garimpo/internal/httpapi/lojas.go:106.2,107.61 2 1
github.com/fmarquesfilho/garimpo/internal/httpapi/lojas.go:107.61,110.3 2 0
github.com/fmarquesfilho/garimpo/internal/httpapi/lojas.go:112.2,113.17 2 1
github.com/fmarquesfilho/garimpo/internal/httpapi/lojas.go:113.17,116.3 2 1
github.com/fmarquesfilho/garimpo/internal/httpapi/lojas.go:118.2,119.16 2 1
github.com/fmarquesfilho/garimpo/internal/httpapi/lojas.go:119.16,122.3 2 1
github.com/fmarquesfilho/garimpo/internal/httpapi/lojas.go:125.2,126.27 2 1
github.com/fmarquesfilho/garimpo/internal/httpapi/lojas.go:126.27,127.41 1 1
github.com/fmarquesfilho/garimpo/internal/httpapi/lojas.go:127.41,128.12 1 0
github.com/fmarquesfilho/garimpo/internal/httpapi/lojas.go:130.3,130.33 1 1
github.com/fmarquesfilho/garimpo/internal/httpapi/lojas.go:130.33,131.21 1 1
github.com/fmarquesfilho/garimpo/internal/httpapi/lojas.go:131.21,134.5 2 1
github.com/fmarquesfilho/garimpo/internal/httpapi/lojas.go:138.2,139.16 2 1
github.com/fmarquesfilho/garimpo/internal/httpapi/lojas.go:139.16,141.3 1 1
github.com/fmarquesfilho/garimpo/internal/httpapi/lojas.go:143.2,151.68 2 1
github.com/fmarquesfilho/garimpo/internal/httpapi/lojas.go:151.68,155.3 3 0
github.com/fmarquesfilho/garimpo/internal/httpapi/lojas.go:158.2,158.12 1 1
github.com/fmarquesfilho/garimpo/internal/httpapi/lojas.go:158.12,165.108 2 1
github.com/fmarquesfilho/garimpo/internal/httpapi/lojas.go:165.108,168.4 1 0
github.com/fmarquesfilho/garimpo/internal/httpapi/lojas.go:171.2,181.4 2 1
github.com/fmarquesfilho/garimpo/internal/httpapi/lojas.go:185.64,190.61 2 1
github.com/fmarquesfilho/garimpo/internal/httpapi/lojas.go:190.61,192.3 1 1
github.com/fmarquesfilho/garimpo/internal/httpapi/lojas.go:195.2,195.59 1 1
github.com/fmarquesfilho/garimpo/internal/httpapi/lojas.go:195.59,197.28 2 1
github.com/fmarquesfilho/garimpo/internal/httpapi/lojas.go:197.28,199.4 1 1
github.com/fmarquesfilho/garimpo/internal/httpapi/lojas.go:201.3,201.187 1 1
github.com/fmarquesfilho/garimpo/internal/httpapi/lojas.go:205.2,205.36 1 1
github.com/fmarquesfilho/garimpo/internal/httpapi/lojas.go:205.36,207.3 1 1
github.com/fmarquesfilho/garimpo/internal/httpapi/lojas.go:209.2,209.120 1 1
github.com/fmarquesfilho/garimpo/internal/httpapi/lojas.go:213.36,215.52 1 1
github.com/fmarquesfilho/garimpo/internal/httpapi/lojas.go:215.52,217.3 1 1
github.com/fmarquesfilho/garimpo/internal/httpapi/lojas.go:219.2,219.52 1 1
github.com/fmarquesfilho/garimpo/internal/httpapi/lojas.go:219.52,221.3 1 1
github.com/fmarquesfilho/garimpo/internal/httpapi/lojas.go:223.2,224.14 2 1
github.com/fmarquesfilho/garimpo/internal/httpapi/lojas.go:228.72,230.17 2 1
github.com/fmarquesfilho/garimpo/internal/httpapi/lojas.go:230.17,233.3 2 1
github.com/fmarquesfilho/garimpo/internal/httpapi/lojas.go:235.2,236.16 2 1
github.com/fmarquesfilho/garimpo/internal/httpapi/lojas.go:236.16,240.3 3 0
github.com/fmarquesfilho/garimpo/internal/httpapi/lojas.go:242.2,243.27 2 1
github.com/fmarquesfilho/garimpo/internal/httpapi/lojas.go:243.27,244.84 1 1
github.com/fmarquesfilho/garimpo/internal/httpapi/lojas.go:244.84,246.4 1 1
github.com/fmarquesfilho/garimpo/internal/httpapi/lojas.go:249.2,249.61 1 1
github.com/fmarquesfilho/garimpo/internal/httpapi/lojas.go:253.72,255.17 2 1
github.com/fmarquesfilho/garimpo/internal/httpapi/lojas.go:255.17,258.3 2 1
github.com/fmarquesfilho/garimpo/internal/httpapi/lojas.go:260.2,261.14 2 1
github.com/fmarquesfilho/garimpo/internal/httpapi/lojas.go:261.14,264.3 2 1
github.com/fmarquesfilho/garimpo/internal/httpapi/lojas.go:267.2,268.16 2 1
github.com/fmarquesfilho/garimpo/internal/httpapi/lojas.go:268.16,271.3 2 0
github.com/fmarquesfilho/garimpo/internal/httpapi/lojas.go:273.2,274.27 2 1
github.com/fmarquesfilho/garimpo/internal/httpapi/lojas.go:274.27,275.43 1 1
github.com/fmarquesfilho/garimpo/internal/httpapi/lojas.go:275.43,277.9 2 1
github.com/fmarquesfilho/garimpo/internal/httpapi/lojas.go:280.2,280.23 1 1
github.com/fmarquesfilho/garimpo/internal/httpapi/lojas.go:280.23,283.3 2 1
github.com/fmarquesfilho/garimpo/internal/httpapi/lojas.go:285.2,286.74 2 1
github.com/fmarquesfilho/garimpo/internal/httpapi/lojas.go:286.74,289.3 2 0
github.com/fmarquesfilho/garimpo/internal/httpapi/lojas.go:292.2,292.12 1 1
github.com/fmarquesfilho/garimpo/internal/httpapi/lojas.go:292.12,294.3 1 1
github.com/fmarquesfilho/garimpo/internal/httpapi/lojas.go:296.2,296.80 1 1
github.com/fmarquesfilho/garimpo/internal/httpapi/publicacoes.go:14.78,16.17 2 1
github.com/fmarquesfilho/garimpo/internal/httpapi/publicacoes.go:16.17,19.3 2 1
github.com/fmarquesfilho/garimpo/internal/httpapi/publicacoes.go:20.2,22.16 3 0
github.com/fmarquesfilho/garimpo/internal/httpapi/publicacoes.go:22.16,26.3 3 0
github.com/fmarquesfilho/garimpo/internal/httpapi/publicacoes.go:27.2,27.67 1 0
github.com/fmarquesfilho/garimpo/internal/httpapi/publicacoes.go:31.78,33.17 2 1
github.com/fmarquesfilho/garimpo/internal/httpapi/publicacoes.go:33.17,36.3 2 1
github.com/fmarquesfilho/garimpo/internal/httpapi/publicacoes.go:38.2,52.61 2 1
github.com/fmarquesfilho/garimpo/internal/httpapi/publicacoes.go:52.61,55.3 2 0
github.com/fmarquesfilho/garimpo/internal/httpapi/publicacoes.go:56.2,56.20 1 1
github.com/fmarquesfilho/garimpo/internal/httpapi/publicacoes.go:56.20,59.3 2 0
github.com/fmarquesfilho/garimpo/internal/httpapi/publicacoes.go:61.2,81.26 3 1
github.com/fmarquesfilho/garimpo/internal/httpapi/publicacoes.go:81.26,91.17 4 1
github.com/fmarquesfilho/garimpo/internal/httpapi/publicacoes.go:91.17,94.4 2 0
github.com/fmarquesfilho/garimpo/internal/httpapi/publicacoes.go:94.9,104.4 3 1
github.com/fmarquesfilho/garimpo/internal/httpapi/publicacoes.go:108.2,116.69 3 1
github.com/fmarquesfilho/garimpo/internal/httpapi/publicacoes.go:119.55,121.2 1 1
github.com/fmarquesfilho/garimpo/internal/httpapi/publicacoes.go:125.78,126.30 1 1
github.com/fmarquesfilho/garimpo/internal/httpapi/publicacoes.go:126.30,129.3 2 1
github.com/fmarquesfilho/garimpo/internal/httpapi/publicacoes.go:131.2,132.16 2 1
github.com/fmarquesfilho/garimpo/internal/httpapi/publicacoes.go:132.16,135.3 2 0
github.com/fmarquesfilho/garimpo/internal/httpapi/publicacoes.go:137.2,141.26 4 1
github.com/fmarquesfilho/garimpo/internal/httpapi/publicacoes.go:141.26,142.25 1 1
github.com/fmarquesfilho/garimpo/internal/httpapi/publicacoes.go:142.25,143.12 1 0
github.com/fmarquesfilho/garimpo/internal/httpapi/publicacoes.go:145.3,146.17 2 1
github.com/fmarquesfilho/garimpo/internal/httpapi/publicacoes.go:146.17,147.12 1 0
github.com/fmarquesfilho/garimpo/internal/httpapi/publicacoes.go:149.3,149.28 1 1
github.com/fmarquesfilho/garimpo/internal/httpapi/publicacoes.go:149.28,150.12 1 1
github.com/fmarquesfilho/garimpo/internal/httpapi/publicacoes.go:154.3,161.49 2 1
github.com/fmarquesfilho/garimpo/internal/httpapi/publicacoes.go:161.49,163.35 2 0
github.com/fmarquesfilho/garimpo/internal/httpapi/publicacoes.go:163.35,165.5 1 0
github.com/fmarquesfilho/garimpo/internal/httpapi/publicacoes.go:168.3,169.17 2 1
github.com/fmarquesfilho/garimpo/internal/httpapi/publicacoes.go:169.17,176.4 5 0
github.com/fmarquesfilho/garimpo/internal/httpapi/publicacoes.go:176.9,190.4 7 1
github.com/fmarquesfilho/garimpo/internal/httpapi/publicacoes.go:193.2,197.4 2 1
github.com/fmarquesfilho/garimpo/internal/httpapi/resolver.go:20.73,24.78 2 0
github.com/fmarquesfilho/garimpo/internal/httpapi/resolver.go:24.78,27.3 2 0
github.com/fmarquesfilho/garimpo/internal/httpapi/resolver.go:30.2,32.69 1 0
github.com/fmarquesfilho/garimpo/internal/httpapi/resolver.go:32.69,33.20 1 0
github.com/fmarquesfilho/garimpo/internal/httpapi/resolver.go:33.20,35.5 1 0
github.com/fmarquesfilho/garimpo/internal/httpapi/resolver.go:36.4,36.14 1 0
github.com/fmarquesfilho/garimpo/internal/httpapi/resolver.go:40.2,41.16 2 0
github.com/fmarquesfilho/garimpo/internal/httpapi/resolver.go:41.16,43.17 2 0
github.com/fmarquesfilho/garimpo/internal/httpapi/resolver.go:43.17,47.4 3 0
github.com/fmarquesfilho/garimpo/internal/httpapi/resolver.go:48.3,48.26 1 0
github.com/fmarquesfilho/garimpo/internal/httpapi/resolver.go:49.8,51.3 1 0
github.com/fmarquesfilho/garimpo/internal/httpapi/resolver.go:53.2,64.18 4 0
github.com/fmarquesfilho/garimpo/internal/httpapi/resolver.go:64.18,67.34 3 0
github.com/fmarquesfilho/garimpo/internal/httpapi/resolver.go:67.34,68.76 1 0
github.com/fmarquesfilho/garimpo/internal/httpapi/resolver.go:68.76,76.5 7 0
github.com/fmarquesfilho/garimpo/internal/httpapi/resolver.go:80.2,86.37 2 0
github.com/fmarquesfilho/garimpo/internal/httpapi/resolver.go:93.64,95.20 2 1
github.com/fmarquesfilho/garimpo/internal/httpapi/resolver.go:95.20,100.19 3 1
github.com/fmarquesfilho/garimpo/internal/httpapi/resolver.go:100.19,102.4 1 1
github.com/fmarquesfilho/garimpo/internal/httpapi/resolver.go:103.3,103.20 1 1
github.com/fmarquesfilho/garimpo/internal/httpapi/resolver.go:106.2,108.46 2 1
github.com/fmarquesfilho/garimpo/internal/httpapi/resolver.go:108.46,110.3 1 0
github.com/fmarquesfilho/garimpo/internal/httpapi/resolver.go:111.2,111.33 1 1
github.com/fmarquesfilho/garimpo/internal/httpapi/resolver.go:115.71,122.38 6 0
github.com/fmarquesfilho/garimpo/internal/httpapi/resolver.go:122.38,124.3 1 0
github.com/fmarquesfilho/garimpo/internal/httpapi/resolver.go:125.2,125.21 1 0
github.com/fmarquesfilho/garimpo/internal/httpapi/templates.go:14.76,16.17 2 1
github.com/fmarquesfilho/garimpo/internal/httpapi/templates.go:16.17,19.3 2 0
github.com/fmarquesfilho/garimpo/internal/httpapi/templates.go:20.2,21.16 2 1
github.com/fmarquesfilho/garimpo/internal/httpapi/templates.go:21.16,25.3 3 0
github.com/fmarquesfilho/garimpo/internal/httpapi/templates.go:26.2,26.65 1 1
github.com/fmarquesfilho/garimpo/internal/httpapi/templates.go:30.75,32.17 2 1
github.com/fmarquesfilho/garimpo/internal/httpapi/templates.go:32.17,35.3 2 0
github.com/fmarquesfilho/garimpo/internal/httpapi/templates.go:37.2,38.59 2 1
github.com/fmarquesfilho/garimpo/internal/httpapi/templates.go:38.59,41.3 2 0
github.com/fmarquesfilho/garimpo/internal/httpapi/templates.go:42.2,42.18 1 1
github.com/fmarquesfilho/garimpo/internal/httpapi/templates.go:42.18,45.3 2 0
github.com/fmarquesfilho/garimpo/internal/httpapi/templates.go:46.2,46.19 1 1
github.com/fmarquesfilho/garimpo/internal/httpapi/templates.go:46.19,49.3 2 0
github.com/fmarquesfilho/garimpo/internal/httpapi/templates.go:50.2,50.16 1 1
github.com/fmarquesfilho/garimpo/internal/httpapi/templates.go:50.16,52.3 1 1
github.com/fmarquesfilho/garimpo/internal/httpapi/templates.go:53.2,54.22 2 1
github.com/fmarquesfilho/garimpo/internal/httpapi/templates.go:54.22,56.3 1 1
github.com/fmarquesfilho/garimpo/internal/httpapi/templates.go:58.2,58.61 1 1
github.com/fmarquesfilho/garimpo/internal/httpapi/templates.go:58.61,62.3 3 0
github.com/fmarquesfilho/garimpo/internal/httpapi/templates.go:63.2,64.81 2 1
github.com/fmarquesfilho/garimpo/internal/httpapi/templates.go:68.76,70.17 2 1
github.com/fmarquesfilho/garimpo/internal/httpapi/templates.go:70.17,73.3 2 0
github.com/fmarquesfilho/garimpo/internal/httpapi/templates.go:75.2,76.14 2 1
github.com/fmarquesfilho/garimpo/internal/httpapi/templates.go:76.14,79.3 2 0
github.com/fmarquesfilho/garimpo/internal/httpapi/templates.go:80.2,80.63 1 1
github.com/fmarquesfilho/garimpo/internal/httpapi/templates.go:80.63,84.3 3 0
github.com/fmarquesfilho/garimpo/internal/httpapi/templates.go:85.2,86.77 2 1
github.com/fmarquesfilho/garimpo/internal/httpapi/templates.go:90.76,102.61 2 1
github.com/fmarquesfilho/garimpo/internal/httpapi/templates.go:102.61,105.3 2 0
github.com/fmarquesfilho/garimpo/internal/httpapi/templates.go:107.2,108.26 2 1
github.com/fmarquesfilho/garimpo/internal/httpapi/templates.go:108.26,111.17 3 1
github.com/fmarquesfilho/garimpo/internal/httpapi/templates.go:111.17,114.4 2 0
github.com/fmarquesfilho/garimpo/internal/httpapi/templates.go:115.8,117.3 1 0
github.com/fmarquesfilho/garimpo/internal/httpapi/templates.go:119.2,129.23 2 1
github.com/fmarquesfilho/garimpo/internal/httpapi/templates.go:129.23,131.3 1 0
github.com/fmarquesfilho/garimpo/internal/httpapi/templates.go:132.2,132.23 1 1
github.com/fmarquesfilho/garimpo/internal/httpapi/templates.go:132.23,134.3 1 0
github.com/fmarquesfilho/garimpo/internal/httpapi/templates.go:135.2,135.28 1 1
github.com/fmarquesfilho/garimpo/internal/httpapi/templates.go:135.28,137.3 1 0
github.com/fmarquesfilho/garimpo/internal/httpapi/templates.go:138.2,138.29 1 1
github.com/fmarquesfilho/garimpo/internal/httpapi/templates.go:138.29,140.3 1 1
github.com/fmarquesfilho/garimpo/internal/httpapi/templates.go:142.2,147.4 2 1
github.com/fmarquesfilho/garimpo/internal/httpapi/templates.go:150.42,153.22 3 1
github.com/fmarquesfilho/garimpo/internal/httpapi/templates.go:153.22,154.10 1 1
github.com/fmarquesfilho/garimpo/internal/httpapi/templates.go:155.61,156.24 1 1
github.com/fmarquesfilho/garimpo/internal/httpapi/templates.go:157.29,158.26 1 1
github.com/fmarquesfilho/garimpo/internal/httpapi/templates.go:161.2,162.18 2 1
github.com/fmarquesfilho/garimpo/internal/httpapi/templates.go:162.18,164.3 1 0
github.com/fmarquesfilho/garimpo/internal/httpapi/templates.go:165.2,165.15 1 1
github.com/fmarquesfilho/garimpo/internal/httpapi/whatsapp.go:13.75,15.17 2 0
github.com/fmarquesfilho/garimpo/internal/httpapi/whatsapp.go:15.17,18.3 2 0
github.com/fmarquesfilho/garimpo/internal/httpapi/whatsapp.go:20.2,23.53 4 0
github.com/fmarquesfilho/garimpo/internal/httpapi/whatsapp.go:23.53,26.3 2 0
github.com/fmarquesfilho/garimpo/internal/httpapi/whatsapp.go:28.2,29.16 2 0
github.com/fmarquesfilho/garimpo/internal/httpapi/whatsapp.go:29.16,33.3 3 0
github.com/fmarquesfilho/garimpo/internal/httpapi/whatsapp.go:35.2,35.63 1 0
github.com/fmarquesfilho/garimpo/internal/httpapi/whatsapp.go:45.96,50.16 4 0
github.com/fmarquesfilho/garimpo/internal/httpapi/whatsapp.go:50.16,52.3 1 0
github.com/fmarquesfilho/garimpo/internal/httpapi/whatsapp.go:53.2,56.16 3 0
github.com/fmarquesfilho/garimpo/internal/httpapi/whatsapp.go:56.16,58.3 1 0
github.com/fmarquesfilho/garimpo/internal/httpapi/whatsapp.go:59.2,61.38 2 0
github.com/fmarquesfilho/garimpo/internal/httpapi/whatsapp.go:61.38,63.3 1 0
github.com/fmarquesfilho/garimpo/internal/httpapi/whatsapp.go:65.2,72.65 2 0
github.com/fmarquesfilho/garimpo/internal/httpapi/whatsapp.go:72.65,74.3 1 0
github.com/fmarquesfilho/garimpo/internal/httpapi/whatsapp.go:75.2,75.19 1 0
github.com/fmarquesfilho/garimpo/internal/httpapi/whatsapp.go:75.19,77.3 1 0
github.com/fmarquesfilho/garimpo/internal/httpapi/whatsapp.go:79.2,80.30 2 0
github.com/fmarquesfilho/garimpo/internal/httpapi/whatsapp.go:80.30,82.17 2 0
github.com/fmarquesfilho/garimpo/internal/httpapi/whatsapp.go:82.17,84.4 1 0
github.com/fmarquesfilho/garimpo/internal/httpapi/whatsapp.go:85.3,85.57 1 0
github.com/fmarquesfilho/garimpo/internal/httpapi/whatsapp.go:87.2,87.20 1 0
