mode: set
github.com/fmarquesfilho/garimpo/internal/coleta/service.go:52.31,54.2 1 1
github.com/fmarquesfilho/garimpo/internal/coleta/service.go:57.109,60.26 2 1
github.com/fmarquesfilho/garimpo/internal/coleta/service.go:60.26,61.56 1 1
github.com/fmarquesfilho/garimpo/internal/coleta/service.go:61.56,63.20 2 0
github.com/fmarquesfilho/garimpo/internal/coleta/service.go:63.20,65.5 1 0
github.com/fmarquesfilho/garimpo/internal/coleta/service.go:70.2,71.16 2 1
github.com/fmarquesfilho/garimpo/internal/coleta/service.go:71.16,73.3 1 0
github.com/fmarquesfilho/garimpo/internal/coleta/service.go:76.2,76.46 1 1
github.com/fmarquesfilho/garimpo/internal/coleta/service.go:76.46,77.27 1 0
github.com/fmarquesfilho/garimpo/internal/coleta/service.go:77.27,78.32 1 0
github.com/fmarquesfilho/garimpo/internal/coleta/service.go:78.32,80.5 1 0
github.com/fmarquesfilho/garimpo/internal/coleta/service.go:85.2,85.18 1 1
github.com/fmarquesfilho/garimpo/internal/coleta/service.go:85.18,87.3 1 0
github.com/fmarquesfilho/garimpo/internal/coleta/service.go:90.2,92.12 3 1
github.com/fmarquesfilho/garimpo/internal/coleta/service.go:92.12,94.3 1 1
github.com/fmarquesfilho/garimpo/internal/coleta/service.go:95.2,95.21 1 1
github.com/fmarquesfilho/garimpo/internal/coleta/service.go:95.21,97.3 1 1
github.com/fmarquesfilho/garimpo/internal/coleta/service.go:100.2,101.43 2 1
github.com/fmarquesfilho/garimpo/internal/coleta/service.go:101.43,103.3 1 1
github.com/fmarquesfilho/garimpo/internal/coleta/service.go:105.2,111.32 2 1
github.com/fmarquesfilho/garimpo/internal/coleta/service.go:111.32,118.3 2 1
github.com/fmarquesfilho/garimpo/internal/coleta/service.go:120.2,120.66 1 1
github.com/fmarquesfilho/garimpo/internal/coleta/service.go:120.66,122.3 1 0
github.com/fmarquesfilho/garimpo/internal/coleta/service.go:124.2,132.26 2 1
github.com/fmarquesfilho/garimpo/internal/coleta/service.go:132.26,134.3 1 1
github.com/fmarquesfilho/garimpo/internal/coleta/service.go:136.2,142.8 1 1
github.com/fmarquesfilho/garimpo/internal/coleta/service.go:147.83,149.16 2 0
github.com/fmarquesfilho/garimpo/internal/coleta/service.go:149.16,151.3 1 0
github.com/fmarquesfilho/garimpo/internal/coleta/service.go:152.2,152.27 1 0
github.com/fmarquesfilho/garimpo/internal/coleta/service.go:152.27,153.33 1 0
github.com/fmarquesfilho/garimpo/internal/coleta/service.go:153.33,155.4 1 0
github.com/fmarquesfilho/garimpo/internal/coleta/service.go:157.2,157.12 1 0
github.com/fmarquesfilho/garimpo/internal/coleta/service.go:160.88,161.59 1 0
github.com/fmarquesfilho/garimpo/internal/coleta/service.go:161.59,163.70 2 0
github.com/fmarquesfilho/garimpo/internal/coleta/service.go:163.70,165.4 1 0
github.com/fmarquesfilho/garimpo/internal/coleta/service.go:168.2,169.38 2 0
github.com/fmarquesfilho/garimpo/internal/coleta/service.go:172.102,174.40 2 0
github.com/fmarquesfilho/garimpo/internal/coleta/service.go:174.40,176.3 1 0
github.com/fmarquesfilho/garimpo/internal/coleta/service.go:177.2,177.33 1 0
github.com/fmarquesfilho/garimpo/internal/coleta/service.go:177.33,179.3 1 0
github.com/fmarquesfilho/garimpo/internal/coleta/service.go:180.2,180.29 1 0
github.com/fmarquesfilho/garimpo/internal/coleta/service.go:180.29,182.3 1 0
github.com/fmarquesfilho/garimpo/internal/coleta/service.go:183.2,183.49 1 0
github.com/fmarquesfilho/garimpo/internal/coleta/service.go:183.49,185.20 2 0
github.com/fmarquesfilho/garimpo/internal/coleta/service.go:185.20,187.4 1 0
github.com/fmarquesfilho/garimpo/internal/coleta/service.go:190.2,190.12 1 0
github.com/fmarquesfilho/garimpo/internal/coleta/service.go:190.12,191.80 1 0
github.com/fmarquesfilho/garimpo/internal/coleta/service.go:191.80,194.4 1 0
github.com/fmarquesfilho/garimpo/internal/coleta/service.go:198.51,201.18 3 1
github.com/fmarquesfilho/garimpo/internal/coleta/service.go:201.18,203.3 1 1
github.com/fmarquesfilho/garimpo/internal/coleta/service.go:204.2,206.69 3 0
github.com/fmarquesfilho/garimpo/internal/coleta/service.go:211.53,217.23 2 1
github.com/fmarquesfilho/garimpo/internal/coleta/service.go:217.23,219.3 1 0
github.com/fmarquesfilho/garimpo/internal/coleta/service.go:220.2,220.10 1 1
github.com/fmarquesfilho/garimpo/internal/coleta/service.go:224.70,226.2 1 0
